2021/11/27 14:35:38 Start: 2021-11-27T07:35:38Z
2021/11/27 14:36:01 No Exit Long
2021/11/27 14:36:01 No Exit Short
2021/11/27 14:36:01 No Long
2021/11/27 14:36:01 No Short
2021/11/27 14:37:00 No Exit Long
2021/11/27 14:37:00 No Exit Short
2021/11/27 14:37:00 No Long
2021/11/27 14:37:00 No Short
2021/11/27 14:38:00 No Exit Long
2021/11/27 14:38:00 No Exit Short
2021/11/27 14:38:00 No Short
2021/11/27 14:38:00 1000SHIBUSDT 	 🔻🔻🔻🔻🔻 	 ENTER LONG 	 🔻🔻🔻🔻🔻 	 - Price: 0.038841 	 - Quantity: 12872.995031 	 - Time: 2021-11-27T07:37:59Z
2021/11/27 14:39:00 Going to Exit Long
2021/11/27 14:39:00 No Exit Short
2021/11/27 14:39:00 No Long
2021/11/27 14:39:00 No Short
2021/11/27 14:39:00 EXIT:1000SHIBUSDT Profit: -1.119951 	 Total Profit: -1.119951 	 -- Comment: Exit Long --
2021/11/27 14:40:00 No Exit Long
2021/11/27 14:40:00 No Exit Short
2021/11/27 14:40:00 No Long
2021/11/27 14:40:00 1000SHIBUSDT 	 🔻🔻🔻🔻🔻 	 ENTER SHORT 	 🔻🔻🔻🔻🔻 	 - Price: 0.038820 	 - Quantity: 12879.958784 	 - Time: 2021-11-27T07:39:59Z
2021/11/27 14:41:00 No Exit Long
2021/11/27 14:41:00 Going to Exit Short
2021/11/27 14:41:00 No Short
2021/11/27 14:41:00 1000SHIBUSDT 	 🔻🔻🔻🔻🔻 	 ENTER LONG 	 🔻🔻🔻🔻🔻 	 - Price: 0.038840 	 - Quantity: 12873.326468 	 - Time: 2021-11-27T07:40:59Z
2021/11/27 14:41:00 EXIT:1000SHIBUSDT Profit: -0.257599 	 Total Profit: -1.377550 	 -- Comment: Exit Short --
2021/11/27 14:42:00 No Exit Long
2021/11/27 14:42:00 No Exit Short
2021/11/27 14:42:00 No Long
2021/11/27 14:42:00 No Short
2021/11/27 14:43:01 Going to Exit Long
2021/11/27 14:43:01 No Exit Short
2021/11/27 14:43:01 No Long
2021/11/27 14:43:01 No Short
2021/11/27 14:43:01 EXIT:1000SHIBUSDT Profit: -0.244593 	 Total Profit: -1.622143 	 -- Comment: Exit Long --
2021/11/27 14:44:00 No Exit Long
2021/11/27 14:44:00 No Exit Short
2021/11/27 14:44:00 No Short
2021/11/27 14:44:00 1000SHIBUSDT 	 🔻🔻🔻🔻🔻 	 ENTER LONG 	 🔻🔻🔻🔻🔻 	 - Price: 0.038806 	 - Quantity: 12884.605473 	 - Time: 2021-11-27T07:43:59Z
2021/11/27 14:45:00 No Exit Long
2021/11/27 14:45:00 No Exit Short
2021/11/27 14:45:00 No Long
2021/11/27 14:45:00 No Short
2021/11/27 14:46:00 No Exit Long
2021/11/27 14:46:00 No Exit Short
2021/11/27 14:46:00 No Long
2021/11/27 14:46:00 No Short
2021/11/27 14:47:01 No Exit Long
2021/11/27 14:47:01 No Exit Short
2021/11/27 14:47:01 No Long
2021/11/27 14:47:01 No Short
2021/11/27 14:48:00 No Exit Long
2021/11/27 14:48:00 No Exit Short
2021/11/27 14:48:00 No Long
2021/11/27 14:48:00 No Short
2021/11/27 14:49:00 No Exit Long
2021/11/27 14:49:00 No Exit Short
2021/11/27 14:49:00 No Long
2021/11/27 14:49:00 No Short
2021/11/27 14:50:00 No Exit Long
2021/11/27 14:50:00 No Exit Short
2021/11/27 14:50:00 No Long
2021/11/27 14:50:00 No Short
2021/11/27 14:51:01 No Exit Long
2021/11/27 14:51:01 No Exit Short
2021/11/27 14:51:01 No Long
2021/11/27 14:51:01 No Short
2021/11/27 14:52:00 No Exit Long
2021/11/27 14:52:00 No Exit Short
2021/11/27 14:52:00 No Long
2021/11/27 14:52:00 No Short
2021/11/27 14:53:00 No Exit Long
2021/11/27 14:53:00 No Exit Short
2021/11/27 14:53:00 No Long
2021/11/27 14:53:00 No Short
2021/11/27 14:54:00 No Exit Long
2021/11/27 14:54:00 No Exit Short
2021/11/27 14:54:00 No Long
2021/11/27 14:54:00 No Short
2021/11/27 14:55:00 No Exit Long
2021/11/27 14:55:00 No Exit Short
2021/11/27 14:55:00 No Long
2021/11/27 14:55:00 No Short
2021/11/27 14:56:01 No Exit Long
2021/11/27 14:56:01 No Exit Short
2021/11/27 14:56:01 No Long
2021/11/27 14:56:01 No Short
2021/11/27 14:57:00 No Exit Long
2021/11/27 14:57:00 No Exit Short
2021/11/27 14:57:00 No Long
2021/11/27 14:57:00 No Short
2021/11/27 14:58:00 No Exit Long
2021/11/27 14:58:00 No Exit Short
2021/11/27 14:58:00 No Long
2021/11/27 14:58:00 No Short
2021/11/27 14:59:00 No Exit Long
2021/11/27 14:59:00 No Exit Short
2021/11/27 14:59:00 No Long
2021/11/27 14:59:00 No Short
2021/11/27 15:00:00 No Exit Long
2021/11/27 15:00:00 No Exit Short
2021/11/27 15:00:00 No Long
2021/11/27 15:00:00 No Short
2021/11/27 15:01:00 No Exit Long
2021/11/27 15:01:00 No Exit Short
2021/11/27 15:01:00 No Long
2021/11/27 15:01:00 No Short
2021/11/27 15:02:01 No Exit Long
2021/11/27 15:02:01 No Exit Short
2021/11/27 15:02:01 No Long
2021/11/27 15:02:01 No Short
2021/11/27 15:03:00 No Exit Long
2021/11/27 15:03:00 No Exit Short
2021/11/27 15:03:00 No Long
2021/11/27 15:03:00 No Short
2021/11/27 15:04:00 No Exit Long
2021/11/27 15:04:00 No Exit Short
2021/11/27 15:04:00 No Long
2021/11/27 15:04:00 No Short
2021/11/27 15:05:00 No Exit Long
2021/11/27 15:05:00 No Exit Short
2021/11/27 15:05:00 No Long
2021/11/27 15:05:00 No Short
2021/11/27 15:06:00 No Exit Long
2021/11/27 15:06:00 No Exit Short
2021/11/27 15:06:00 No Long
2021/11/27 15:06:00 No Short
2021/11/27 15:07:00 No Exit Long
2021/11/27 15:07:00 Going to Exit Short
2021/11/27 15:07:00 EXIT:1000SHIBUSDT Profit: 2.383652 	 Total Profit: 0.761509 	 -- Comment: Exit Short --
2021/11/27 15:07:00 No Short
2021/11/27 15:07:00 1000SHIBUSDT 	 🔻🔻🔻🔻🔻 	 ENTER LONG 	 🔻🔻🔻🔻🔻 	 - Price: 0.038991 	 - Quantity: 12823.472083 	 - Time: 2021-11-27T08:06:59Z
2021/11/27 15:08:00 Going to Exit Long
2021/11/27 15:08:00 No Exit Short
2021/11/27 15:08:00 No Long
2021/11/27 15:08:00 No Short
2021/11/27 15:08:00 EXIT:1000SHIBUSDT Profit: -0.179529 	 Total Profit: 0.581980 	 -- Comment: Exit Long --
2021/11/27 15:09:00 No Exit Long
2021/11/27 15:09:00 No Exit Short
2021/11/27 15:09:00 No Short
2021/11/27 15:09:00 1000SHIBUSDT 	 🔻🔻🔻🔻🔻 	 ENTER LONG 	 🔻🔻🔻🔻🔻 	 - Price: 0.039067 	 - Quantity: 12798.525610 	 - Time: 2021-11-27T08:08:59Z
2021/11/27 15:10:01 No Exit Long
2021/11/27 15:10:01 No Exit Short
2021/11/27 15:10:01 No Long
2021/11/27 15:10:01 No Short
2021/11/27 15:11:00 No Exit Long
2021/11/27 15:11:00 No Exit Short
2021/11/27 15:11:00 No Long
2021/11/27 15:11:00 No Short
2021/11/27 15:12:00 No Exit Long
2021/11/27 15:12:00 No Exit Short
2021/11/27 15:12:00 No Long
2021/11/27 15:12:00 No Short
2021/11/27 15:13:00 No Exit Long
2021/11/27 15:13:00 No Exit Short
2021/11/27 15:13:00 No Long
2021/11/27 15:13:00 No Short
2021/11/27 15:14:00 No Exit Long
2021/11/27 15:14:00 No Exit Short
2021/11/27 15:14:00 No Long
2021/11/27 15:14:00 No Short
2021/11/27 15:15:00 No Exit Long
2021/11/27 15:15:00 No Exit Short
2021/11/27 15:15:00 No Long
2021/11/27 15:15:00 No Short
2021/11/27 15:16:00 No Exit Long
2021/11/27 15:16:00 No Exit Short
2021/11/27 15:16:00 No Long
2021/11/27 15:16:00 No Short
2021/11/27 15:17:00 Going to Exit Long
2021/11/27 15:17:00 No Exit Short
2021/11/27 15:17:00 No Long
2021/11/27 15:17:00 No Short
2021/11/27 15:17:00 EXIT:1000SHIBUSDT Profit: 1.497427 	 Total Profit: 2.079408 	 -- Comment: Exit Long --
2021/11/27 15:18:01 No Exit Long
2021/11/27 15:18:01 No Exit Short
2021/11/27 15:18:01 No Short
2021/11/27 15:18:01 1000SHIBUSDT 	 🔻🔻🔻🔻🔻 	 ENTER LONG 	 🔻🔻🔻🔻🔻 	 - Price: 0.039309 	 - Quantity: 12719.733394 	 - Time: 2021-11-27T08:17:59Z
2021/11/27 15:19:00 No Exit Long
2021/11/27 15:19:00 No Exit Short
2021/11/27 15:19:00 No Long
2021/11/27 15:19:00 No Short
2021/11/27 15:20:00 No Exit Long
2021/11/27 15:20:00 No Exit Short
2021/11/27 15:20:00 No Long
2021/11/27 15:20:00 No Short
2021/11/27 15:21:00 No Exit Long
2021/11/27 15:21:00 No Exit Short
2021/11/27 15:21:00 No Long
2021/11/27 15:21:00 No Short
2021/11/27 15:22:00 No Exit Long
2021/11/27 15:22:00 No Exit Short
2021/11/27 15:22:00 No Long
2021/11/27 15:22:00 No Short
2021/11/27 15:23:00 No Exit Long
2021/11/27 15:23:00 No Exit Short
2021/11/27 15:23:00 No Long
2021/11/27 15:23:00 No Short
2021/11/27 15:24:00 No Exit Long
2021/11/27 15:24:00 No Exit Short
2021/11/27 15:24:00 No Long
2021/11/27 15:24:00 No Short
2021/11/27 15:25:00 No Exit Long
2021/11/27 15:25:00 No Exit Short
2021/11/27 15:25:00 No Long
2021/11/27 15:25:00 No Short
2021/11/27 15:26:00 No Exit Long
2021/11/27 15:26:00 No Exit Short
2021/11/27 15:26:00 No Long
2021/11/27 15:26:00 No Short
2021/11/27 15:27:00 No Exit Long
2021/11/27 15:27:00 No Exit Short
2021/11/27 15:27:00 No Long
2021/11/27 15:27:00 No Short
2021/11/27 15:28:00 No Exit Long
2021/11/27 15:28:00 No Exit Short
2021/11/27 15:28:00 No Long
2021/11/27 15:28:00 No Short
2021/11/27 15:29:00 No Exit Long
2021/11/27 15:29:00 No Exit Short
2021/11/27 15:29:00 No Long
2021/11/27 15:29:00 No Short
2021/11/27 15:30:00 No Exit Long
2021/11/27 15:30:00 No Exit Short
2021/11/27 15:30:00 No Long
2021/11/27 15:30:00 No Short
2021/11/27 15:31:00 No Exit Long
2021/11/27 15:31:00 No Exit Short
2021/11/27 15:31:00 No Long
2021/11/27 15:31:00 No Short
2021/11/27 15:32:00 Going to Exit Long
2021/11/27 15:32:00 No Exit Short
2021/11/27 15:32:00 No Long
2021/11/27 15:32:00 No Short
2021/11/27 15:32:00 EXIT:1000SHIBUSDT Profit: 4.617263 	 Total Profit: 6.696671 	 -- Comment: Exit Long --
2021/11/27 15:33:01 No Exit Long
2021/11/27 15:33:01 No Exit Short
2021/11/27 15:33:01 No Long
2021/11/27 15:33:01 No Short
2021/11/27 15:34:00 No Exit Long
2021/11/27 15:34:00 No Exit Short
2021/11/27 15:34:00 No Long
2021/11/27 15:34:00 No Short
2021/11/27 15:35:00 No Exit Long
2021/11/27 15:35:00 No Exit Short
2021/11/27 15:35:00 No Long
2021/11/27 15:35:00 No Short
2021/11/27 15:36:00 No Exit Long
2021/11/27 15:36:00 No Exit Short
2021/11/27 15:36:00 No Short
2021/11/27 15:36:00 1000SHIBUSDT 	 🔻🔻🔻🔻🔻 	 ENTER LONG 	 🔻🔻🔻🔻🔻 	 - Price: 0.039767 	 - Quantity: 12573.239118 	 - Time: 2021-11-27T08:35:59Z
2021/11/27 15:37:00 No Exit Long
2021/11/27 15:37:00 No Exit Short
2021/11/27 15:37:00 No Long
2021/11/27 15:37:00 No Short
2021/11/27 15:38:00 No Exit Long
2021/11/27 15:38:00 No Exit Short
2021/11/27 15:38:00 No Long
2021/11/27 15:38:00 No Short
2021/11/27 15:39:00 No Exit Long
2021/11/27 15:39:00 No Exit Short
2021/11/27 15:39:00 No Long
2021/11/27 15:39:00 No Short
2021/11/27 15:40:00 No Exit Long
2021/11/27 15:40:00 No Exit Short
2021/11/27 15:40:00 No Long
2021/11/27 15:40:00 No Short
2021/11/27 15:41:01 No Exit Long
2021/11/27 15:41:01 No Exit Short
2021/11/27 15:41:01 No Long
2021/11/27 15:41:01 No Short
2021/11/27 15:42:00 Going to Exit Long
2021/11/27 15:42:00 No Exit Short
2021/11/27 15:42:00 No Long
2021/11/27 15:42:00 No Short
2021/11/27 15:42:00 EXIT:1000SHIBUSDT Profit: -1.081299 	 Total Profit: 5.615373 	 -- Comment: Exit Long --
2021/11/27 15:43:00 No Exit Long
2021/11/27 15:43:00 No Exit Short
2021/11/27 15:43:00 No Long
2021/11/27 15:43:00 No Short
2021/11/27 15:44:00 No Exit Long
2021/11/27 15:44:00 No Exit Short
2021/11/27 15:44:00 No Long
2021/11/27 15:44:00 1000SHIBUSDT 	 🔻🔻🔻🔻🔻 	 ENTER SHORT 	 🔻🔻🔻🔻🔻 	 - Price: 0.039519 	 - Quantity: 12652.142008 	 - Time: 2021-11-27T08:43:59Z
2021/11/27 15:45:00 No Exit Long
2021/11/27 15:45:00 No Exit Short
2021/11/27 15:45:00 No Long
2021/11/27 15:45:00 No Short
2021/11/27 15:46:00 No Exit Long
2021/11/27 15:46:00 No Exit Short
2021/11/27 15:46:00 No Long
2021/11/27 15:46:00 No Short
2021/11/27 15:47:00 No Exit Long
2021/11/27 15:47:00 No Exit Short
2021/11/27 15:47:00 No Long
2021/11/27 15:47:00 No Short
2021/11/27 15:48:00 No Exit Long
2021/11/27 15:48:00 No Exit Short
2021/11/27 15:48:00 No Long
2021/11/27 15:48:00 No Short
2021/11/27 15:49:00 No Exit Long
2021/11/27 15:49:00 No Exit Short
2021/11/27 15:49:00 No Long
2021/11/27 15:49:00 No Short
2021/11/27 15:50:01 No Exit Long
2021/11/27 15:50:01 No Exit Short
2021/11/27 15:50:01 No Long
2021/11/27 15:50:01 No Short
2021/11/27 15:51:00 No Exit Long
2021/11/27 15:51:00 No Exit Short
2021/11/27 15:51:00 No Long
2021/11/27 15:51:00 No Short
2021/11/27 15:52:00 No Exit Long
2021/11/27 15:52:00 No Exit Short
2021/11/27 15:52:00 No Long
2021/11/27 15:52:00 No Short
2021/11/27 15:53:00 No Exit Long
2021/11/27 15:53:00 No Exit Short
2021/11/27 15:53:00 No Long
2021/11/27 15:53:00 No Short
2021/11/27 15:54:00 No Exit Long
2021/11/27 15:54:00 No Exit Short
2021/11/27 15:54:00 No Long
2021/11/27 15:54:00 No Short
2021/11/27 15:55:00 No Exit Long
2021/11/27 15:55:00 No Exit Short
2021/11/27 15:55:00 No Long
2021/11/27 15:55:00 No Short
2021/11/27 15:56:01 No Exit Long
2021/11/27 15:56:01 No Exit Short
2021/11/27 15:56:01 No Long
2021/11/27 15:56:01 No Short
2021/11/27 15:57:00 No Exit Long
2021/11/27 15:57:00 No Exit Short
2021/11/27 15:57:00 No Long
2021/11/27 15:57:00 No Short
2021/11/27 15:58:00 Going to Exit Long
2021/11/27 15:58:00 No Exit Short
2021/11/27 15:58:00 No Long
2021/11/27 15:58:00 EXIT:1000SHIBUSDT Profit: 1.758648 	 Total Profit: 7.374020 	 -- Comment: Exit Long --
2021/11/27 15:58:00 1000SHIBUSDT 	 🔻🔻🔻🔻🔻 	 ENTER SHORT 	 🔻🔻🔻🔻🔻 	 - Price: 0.039380 	 - Quantity: 12696.800406 	 - Time: 2021-11-27T08:57:59Z
